99407 39936606
98959 3908142
98745 7992469
98959 6602820
98674 10400208
92177 441872
87945 880149
98745 16732685
99408 21672612
93742 479555
98674 9861230
88964 478898
99408 4482175
99408 8565975
98674 13611121
89779 501746
94118 503100
98042 8829794
94906 3093994
98073 3948455
98745 14900356
90092 707238
94543 856789
98959 2173740
99408 12320111
98959 3908146
99408 18790436
99408 15313374
99408 2342752
99408 27644023
98959 1800934
98680 6919602
98745 24438067
98745 18421104
98674 7259081
98745 9090177
99408 23559084
98745 21391462
99408 10187191
99408 8306842
98745 4422623
96695 6450977
97251 7480457
99408 26501806
98745 8675563
99408 10413150
96695 4002400
87270 1265188
94907 751901
97251 7253680
96276 3374897
88964 1304834
99408 17950304
99408 12775719
87270 1397478
99408 13108918
96276 2983225
99408 8475136
98680 1213592
99408 7270251
98746 9946835
99408 17012131
99408 12360503
98674 13837696
99408 33694813
96276 3205143
98959 3219213
88964 1547057
98746 10088933
98746 22403351
96276 2278483
96276 4510391
96276 3332252
99408 9169904
99408 15228976
96695 3270648
99408 18481337
99408 25169159
95852 1848258
99408 15595806
98670 3148983
99408 35151375
98746 21306759
99353 5337239
87270 1031012
98746 25929190
99408 35336337
99408 13892986
98746 8167242
99408 11137117
90170 378419
98746 9556934
99408 29077262
99408 16048850
99408 2730976
96276 1857064
98746 24137418
98716 20990606
99408 26290363
98674 11583085
98746 17197265
98746 19212533
98716 8355289
99408 9116165
94907 1583115
42829 42829
98746 10167162
99408 35309009
99408 19721381
99353 6963666
99408 26865915
96695 5892110
87270 1064139
94081 334857
99408 16074865
99408 8305268
98746 20997764
96277 1280486
99408 18036965
99408 18058257
98043 656446
98674 11731915
99353 3101907
99408 31092814
85611 174415
98746 13811750
99408 18071472
99408 25735686
88964 426760
99408 37178955
98746 18711111
99408 24604501
99408 11348770
99408 4098031
98674 14356977
99408 25514992
98681 4646180
97251 5563724
96487 1761504
95617 983835
96695 1797589
92891 465117
98043 685962
98746 13173699
98746 10956771
98746 16095899
98670 1398398
99408 25219124
99408 19637035
99408 14844322
99408 11092219
99408 33563942
96177 2508345
98746 21810054
99408 19347006
98959 1656479
99408 19653969
98959 2105436
99408 18335956
98746 9597848
99408 8394942
98746 17197647
98746 18832848
98746 7612166
98746 14762681
98746 10891463
98670 4888690
98746 18184770
98746 10523533
98746 12198403
88964 700378
96931 2529831
99408 30085639
91177 2441246
99408 16034443
99408 11862396
99408 10676950
99408 8574483
98674 6519408
99408 31164435
99408 8088318
96277 1060047
96277 2414811
99408 2811745
99408 12216711
99408 8120950
98746 17500500
99408 9041400
99408 7071882
96695 2845806
96695 4758651
96805 1976819
99408 15328960
98674 10441542
96277 1736232
99032 190313
99408 16905475
99408 8223893
98716 10776453
98674 5222654
98746 14900423
99408 19221566
99408 5559424
98074 3362519
99408 16382001
99408 16157495
99408 10095242
99408 6066939
98746 10574650
98074 3959470
96277 1762740
98959 1543818
98674 11673767
99408 501665
99408 27684715
98074 3464297
98674 16945793
98746 20231029
99353 3866344
99408 16085065
99408 6765983
98044 3419563
99408 13280832
98746 21117633
99408 11872368
99408 13536036
99408 27872326
96277 2380067
99408 34462747
10891 20773
98674 8203164
98746 12561219
99408 8468355
99408 13580980
96277 2763322
99408 15306231
99408 2823875
99408 6453284
99408 19845129
27769 27769
99408 9957839
96277 1397373
99408 3487811
85611 362602
99408 5405804
85611 269413
28725 28725
98959 992732
98674 11131416
98959 7437901
99408 10821822
98674 4544804
98674 9239793
98959 6536217
98674 2313425
98074 738959
98674 11080554
52139 114913
98746 13562124
97251 3224160
98670 2497115
98746 15085610
98746 18770432
94543 575516
99408 21772472
98746 7703683
99408 23994444
98746 15178402
99408 11376835
98670 4136588
99408 15242398
98746 9856969
99408 4791237
85431 456749
98074 2232788
99408 8188055
99408 28475562
99408 27788171
99408 12480059
99408 14832277
95617 927255
96277 2905009
99408 30413602
99408 6823915
98674 4817029
98435 2458565
96696 386627
96277 3261873
99408 23403977
98746 16441120
96805 2876046
99353 8930719
99408 10624748
99408 34637869
99408 8075961
99408 11785904
98746 5093590
97252 3078304
99408 15362459
99408 23587225
96277 1421692
98959 4262278
50274 54851
99408 14735711
84426 264001
99408 34788815
98674 14944355
99408 11727151
98674 10363071
96696 2858861
96696 644225
98746 18833189
99408 13100968
99408 37790004
99408 8784597
99408 25757221
98746 10812037
98674 17239435
98746 15491717
99408 2787651
99408 21330415
98683 4434608
99353 7508711
99408 19506123
99408 19134634
98746 21976868
99408 13658693
96277 353084
96277 1136823
96277 3172882
98746 10884797
98746 14726905
98074 5011673
99408 1645385
99408 24315616
98674 1832405
92891 740053
88964 2059986
99408 3694559
91178 1579793
98746 7302205
98674 12694338
94907 2210242
98746 10167898
99408 17745584
98746 8033906
96696 4073693
99408 14898373
88155 967253
99408 18624618
98684 7857886
99408 24169367
99408 19654092
96696 5189753
98746 2645614
99408 23108750
99408 15596585
88964 921636
98746 10878411
99353 6345615
98746 10218206
98746 14727273
98075 736499
98746 15132266
99408 11812555
99408 24870618
99408 17774798
99408 8516968
99408 1769649
84426 190276
98674 9282860
99408 27336065
98684 7954274
98959 7014973
98746 14681573
97252 2670252
99408 21423391
47464 64056
99353 2147944
99408 19716010
99408 4414142
35005 72656
88964 900863
98746 6844361
98075 3699585
99408 33444067
98959 186884
99408 19021400
99408 5294191
98674 6421497
99408 7801865
98746 27936955
96278 2285854
98746 20714422
98746 20034609
99408 7131199
99408 13344329
