99486 31597014
99080 3271534
97579 2312653
99252 8638505
94857 744135
99427 11197937
97440 3886145
97678 1403699
94402 1989589
99083 6254407
94802 2116121
99083 11891846
99486 13027913
31554 31554
99304 2878516
99080 4787993
99486 10877784
85261 534307
99080 3403827
82843 218094
99304 7647507
99252 8077034
99304 4222792
99486 16097583
99486 20291468
99252 2722931
99427 20814223
96680 652297
99427 1468023
99427 17362017
98043 1398551
99080 4077954
99304 6912031
99486 8781764
99486 8021444
41978 113972
70018 219438
99304 10446048
99083 6983676
71937 414512
99083 8228857
99486 10206636
99427 3003939
99083 4217357
99304 17627605
99304 13430721
96355 1100129
99304 11443895
82843 369426
97579 1810729
99486 20869217
42881 42881
94402 1749055
99080 4817565
99304 4882225
99080 3980579
87615 443581
99304 10756811
99304 11495089
99304 18996463
99304 6881683
99427 7254081
82843 351252
82843 516243
99304 8809364
99083 6930347
97870 2761075
96680 117990
90389 1233441
99486 12192235
99486 4146167
99083 4554734
99252 4939559
99304 5400309
99304 15561911
99486 25537248
99486 17254659
99486 26786546
99304 12934360
97579 2665792
97678 2998225
99080 3618366
99304 6060261
96570 1903338
99427 11115360
99304 17289489
94402 2392889
99427 3132689
99427 1002055
99427 3551506
99304 5300763
99486 14879059
99080 4129750
99486 11353160
99486 15235351
98044 2529501
99427 18898067
99304 15757618
99486 22933779
99252 9059286
99486 25307567
97678 2756642
99486 16068437
83079 1269133
99080 1603792
99083 7058567
99083 6046079
99486 12373629
99304 6144091
98242 1076048
99427 8848821
51117 64774
99486 22448257
41978 86518
99486 13240757
90389 628252
99486 26386376
99427 224150
99304 21760933
99080 2508700
99304 20092404
91488 343555
94403 463853
99486 18809568
78225 419484
99083 3382612
99304 10555632
99083 6360615
99486 13118840
97440 5035444
99486 5515698
99486 22100250
99486 26947675
99252 1706759
98242 2422249
99304 13993391
99486 21571101
99304 10816131
99080 1988499
99486 26749461
96680 488003
99427 1544043
70755 126019
99486 18781361
99427 2396806
71937 422367
99083 2626194
58396 58396
99083 10053944
99252 7448567
98242 1463551
99486 11021960
99305 10231480
99080 783993
99486 6944609
77959 441076
99486 28062549
99305 13589028
90531 968197
99305 4100588
99083 9213236
99305 9254057
99486 10555259
99305 6019967
99305 10833301
99083 8366126
99305 6148643
99486 28252209
99486 20621912
99080 4791758
81872 825568
99252 6282483
42881 42881
99083 6559186
99080 3891781
99305 14683761
85262 365348
99486 4699480
65198 203489
99486 7432350
96355 1184622
99305 6772096
99486 23725083
99083 10074348
70755 169765
99305 14291741
99305 12913323
99486 24048614
99486 20828453
99305 14540857
98242 2218782
99486 12889112
90389 1960376
99083 7561869
99305 8915402
99305 16470746
99252 4783417
99305 9122627
99083 5937921
99486 21154613
99427 4417296
99427 4305300
98242 2314345
99427 7703139
99305 19474552
99305 13675424
99305 10507135
99427 3060262
99486 18580438
99305 5535068
99305 9526099
99252 7597686
90631 451215
99305 14819919
99305 11410265
97440 7062903
82843 639515
97390 1996073
99252 3586403
99305 14795553
99486 20771389
99305 4008865
99486 21507666
99427 1624575
99486 28122033
99305 6864548
99486 18659848
99486 10045459
97390 2723475
66484 315543
99305 7119586
99486 13006447
99305 4759765
99080 5616798
99486 7863468
99083 2301041
99080 4243541
82843 1577788
98703 4376134
99486 5827536
99486 15397338
99305 10675294
99427 1589677
99080 3502453
99305 18959232
99083 1912020
99305 4725332
99305 9526110
99486 26288900
99305 19977250
82843 284298
99486 26022073
99486 25408110
97390 1688543
71022 234311
99305 17746386
99080 3430458
98703 963385
81872 1046897
99427 1524980
99486 4569154
99486 12133079
99486 13034836
99305 16718294
99305 8603379
90389 1276753
91488 389358
99486 12315657
99083 10483126
99253 2590650
99083 6551597
96239 665659
99253 6088492
97226 97226
99486 26120385
99305 5907963
99427 1537544
1452 1452
99083 10032366
83079 168436
99253 8595194
99427 19803157
99083 9089168
90389 1360468
97580 1428537
99083 3910597
99305 3149771
99486 12468085
99305 9406312
99305 10345459
74619 143665
99305 12035306
98703 4529141
99080 6096312
99427 23554549
99486 1146500
99427 4043060
93031 870116
99427 2768407
99305 17206266
90389 1507727
99083 8582389
96281 1732864
99486 6977849
97679 3337497
83079 675113
99305 12775177
99486 12608221
90389 1021919
94403 2363083
99486 18686945
99305 13662902
99080 3513829
98703 2279568
99083 4895585
99486 19561378
97440 5635647
99305 9053639
99083 2172553
99486 4485666
90389 767178
99486 6240452
97390 699087
99305 13568395
99305 6346149
99253 6050975
42881 42881
99080 3901266
99305 5969023
99080 4873324
99486 20029163
97226 577595
97390 1842720
