99940 31017472
99940 23621219
99463 11756332
94838 644697
99540 7077876
99940 4525015
99940 14247524
99940 15443635
99940 19609154
97818 1003036
99940 12098373
99940 19673585
99463 10367626
99005 6044592
99463 3411164
99940 9905055
99540 7000918
99940 25573286
99940 4457429
99940 25569671
99940 15311936
99940 11380845
99540 12475394
94480 676928
84453 413423
99940 6619648
99940 15978268
99940 21460905
98804 5399168
99940 15715097
98505 2556084
98804 7904898
90605 796451
99940 22719270
99940 19066431
97922 5066949
99940 12762081
98334 606514
97922 3070184
99940 12487287
99940 21095558
99940 17866873
98334 10371891
94921 711797
61117 116003
99005 3560832
99463 6505630
94664 1229492
98804 699312
99940 7965846
98505 265975
99005 10281724
90605 582496
99940 21400513
98460 258158
99005 12219937
93126 2204325
96655 3469896
99940 13144150
99005 4338772
98804 2355918
99463 4547890
99940 9781367
99940 20241160
94838 498368
59422 79123
99463 12603683
97922 394369
271 271
99940 6094127
98804 2835636
99540 4747417
95717 2145720
99940 16724382
99940 5235169
99940 3694741
99463 12587546
99940 16935852
99463 8452240
99940 3401853
99940 25261060
65780 183198
99940 17381422
99463 14963045
99940 22149188
99463 9165851
98827 2078002
99940 19210757
93317 2228795
99940 18588461
98505 3372848
99940 15903525
99463 9880798
99940 14008364
98804 9148993
59697 118386
99940 22518367
95566 1723679
99940 13449580
98804 1227329
99463 1129157
96226 1373615
99463 5523219
95566 1932907
99940 3705424
95063 505150
99940 13001146
98439 2432283
98334 3425308
99005 350834
98804 7780551
98804 1907731
98439 2937154
99940 10464255
99940 9834638
95566 802237
98804 2584163
99463 5003655
27723 27723
99463 7732580
99941 15600236
99941 22226484
99941 15467894
99463 11931565
99540 5043751
95566 1807577
92054 942359
99540 3116976
99540 5025223
99005 5599573
97818 542691
99941 22187592
98505 383748
98439 1305079
66021 95772
99941 5927453
99541 13373177
99005 9808263
99541 7570181
94838 202381
99005 2392588
99941 14159812
99941 22664980
72278 373227
96226 1100949
96656 3929785
97922 3574031
99463 7082100
99941 27101427
99541 12266005
96656 2326985
99005 7570360
99941 16569598
98439 3466022
99541 14491526
97818 1131894
99941 9806092
97922 3249588
97922 3713273
99005 7689520
99941 21110087
99005 5768400
98505 1628447
99941 12582318
99541 535305
99463 12544467
99005 9284644
98804 6795748
99941 8587484
90606 390562
99941 1124742
99941 25551332
99541 12191942
98828 1764513
99941 19688288
75667 371892
99541 1108412
99005 11594498
98804 1515593
99941 3869285
98334 6469817
91493 616209
95572 256297
98828 498283
99005 8149265
99941 12350695
99941 3847306
99463 10611174
99005 4844999
98505 1763904
99941 17462362
98505 7511534
99463 11942876
98505 3503107
98505 4798635
99541 5104252
99941 15596471
98804 1762365
95566 1356656
99941 10995269
99941 10928367
99941 9807150
99941 9369280
97922 2892549
99941 24044474
99463 1011298
95063 1373147
99941 11803100
94838 273759
99941 16841587
99463 11976723
99005 4000360
99541 12489777
99941 9366483
99541 11128418
99941 6341039
99941 17979097
98804 9408826
99941 4508766
98505 4790853
97818 1355858
98804 2644174
98505 4314550
99941 9796496
99941 17827615
99005 9020893
88696 152695
99005 9263791
99941 23209160
94664 518527
99463 9783138
99941 11030999
99463 8543752
99941 4861263
98439 500759
19701 19701
98355 403988
94838 522005
95566 1224796
99541 4060955
98828 1150790
98505 5747313
99941 22571929
99941 20556639
99941 26158695
99941 17485723
99541 5272901
98828 2909649
99941 20933618
98804 1849624
99941 26922325
99941 15372515
99941 5858722
99941 15976540
99941 5950155
99541 3806298
98334 6256424
99941 17403169
97922 4012074
97818 856228
98804 1275946
99941 8701074
99463 4965044
99941 4986987
98505 3275101
99463 3459843
98505 2486818
94664 939596
97818 408371
98804 6810646
99541 5398059
97922 2457308
99005 6146689
94838 703722
97131 356163
99941 23766391
99941 4123049
99941 27535843
99941 14260613
98804 3043874
99941 12790214
99541 3231256
99463 5032944
98334 6754053
99941 12921610
99463 5883807
99941 25155001
94838 552936
96656 4993970
95680 3762664
99941 12929097
99941 12211902
99005 10478194
98804 6901925
98334 4143146
90606 1362939
99541 6132638
98804 8036238
99941 24527271
99005 6595748
99941 9462708
99463 8986077
97922 2072280
99941 15947105
99941 4912867
97922 1252548
59422 79394
98334 3412023
99941 18634623
