99986 42929901
99986 25059188
99854 28840477
98468 11917477
98468 3454589
98468 6108093
96242 977721
99986 20136336
98739 15625803
90068 660304
99854 26469466
99854 18230199
99837 9841416
98468 5714326
99066 6876324
96870 1180228
99854 4916050
98468 10106448
92586 1033845
99066 13235649
98738 7999663
99854 19374352
99803 7078108
99854 13303841
99854 36083966
99854 28450056
98344 3132729
96242 1648304
98739 14867501
98739 7773970
99837 1330453
99854 33978481
95614 2108529
98468 5541747
98739 1710544
98294 1679105
99986 29434854
98468 5931694
98468 9428061
95614 3082541
99854 14543061
98294 3561208
99854 21227644
99986 13132343
97641 2349934
99854 28632395
98468 2565598
98910 13166828
99854 12571936
99854 28185850
98910 18675906
99854 14914165
99066 3062884
99854 22307515
97043 2048729
98739 10314757
99066 3437799
98910 4954768
99854 17915181
98294 5347134
97641 809030
94544 974437
98910 5964133
99854 18598878
98468 4988330
98910 8665428
98294 3660644
98468 2388941
98738 3873392
98294 1151916
97641 1202460
98294 843091
99854 17734203
99854 18310091
98910 17422817
95854 874462
99986 16956647
95614 1198431
99854 17823278
97641 2247884
99854 6813356
96870 1104730
97641 998254
99854 12591834
99855 16864598
98468 4548712
99855 25692344
99855 9240320
97641 3189719
96822 456929
99855 17291330
97641 5118486
99855 38243381
98739 9254767
99837 8446676
98468 1850221
99837 9913591
95614 2198917
97928 1577470
99855 31789470
9793 9793
98738 4735606
99855 12219509
99837 14044549
98910 12478218
99066 8871966
97933 5526533
99066 15185239
99986 6413599
99986 7272996
99855 17769951
97641 2369367
99066 12192802
98294 9402577
99837 11105751
98294 6412014
99855 6553948
99855 27087218
93760 1000248
99855 21445451
99855 19066686
94752 506793
97641 7439508
99855 18168840
99855 17195164
97641 902842
98739 5844073
99855 20087438
99855 15546160
99855 15473139
99066 14659365
98468 3661425
99855 5050789
84807 84807
98739 7302523
98910 12004059
99986 23875866
98468 5444878
94753 289078
99837 6018648
98739 9377662
98468 5240536
98739 5746387
99855 2883881
96242 1626381
98910 2428128
61619 64891
98739 14778519
98739 4187769
99986 13100525
99855 7523108
98910 9365626
98468 6912416
84002 215371
97641 3445924
98468 2659143
98739 6228655
98739 9046663
98910 7574047
98739 3502480
99855 13874110
99986 27892907
99855 17951523
98468 7675177
99855 14540675
99986 38635486
99855 33630291
96822 2307863
50251 50251
99066 19781006
98739 9588476
99855 9569440
98468 7944296
77130 111288
97641 6483408
99986 21771953
99837 6813731
99855 20270836
99855 19062244
98294 7889342
95614 965966
99855 12575889
97642 2148265
98329 5928056
98739 15756274
98739 17098494
96822 2301917
99855 10087690
99855 23155438
99855 22330808
96822 639821
98910 11847229
99855 15892996
99855 11955107
99855 19174453
99855 5609018
98739 15145530
98468 3670179
96242 1546226
98468 4966069
98259 3076288
98468 11231600
99855 18808275
99855 15773304
99986 4296029
96822 405166
99855 12440390
99855 4227894
98739 14176809
99837 9379498
99066 4961550
98259 1138528
99855 22584627
98468 11032140
98048 2972450
98739 10787588
98468 6403471
99855 16404734
95614 3069203
43184 222554
99855 11245438
99855 25708243
97933 981620
99855 21722119
99855 25361088
99855 25305481
99855 9508584
99837 3014466
99066 14936769
99855 19802908
98910 5346246
99855 5788501
99855 29866274
99855 18889627
97390 3085636
97390 1725522
98539 1511295
98910 9212054
98468 5109678
88463 887356
99855 8965459
97390 2064703
98048 2037123
99986 33186607
99855 31069413
98468 3191999
99837 14145666
98468 3326901
97390 167993
99855 7415104
98468 3001772
99855 24447455
98739 9447615
98739 10327823
99837 14512954
