99933 48820979
92488 420151
99933 13289188
99621 9112260
98569 6301064
99621 13702341
98907 3576721
99933 19708906
99933 36145022
99933 17398994
98907 10915452
98909 10377039
99933 13768660
99933 24640368
99933 18094469
98909 5101537
99933 3312278
9355 9355
99933 17713528
99572 18986926
98457 3642700
98569 7610117
99933 22974098
99621 4769286
99283 11358019
99572 22657773
99621 6756999
99621 12895590
99933 13319135
99933 37621039
95435 1648893
99933 35691985
98507 2497144
99933 24240752
99933 8773943
79780 401286
99933 24624137
99621 597126
51044 172466
99621 15378428
98569 4734662
74154 317577
98457 9671406
99621 4953865
99933 19216159
98909 6403061
99933 30384945
97446 5266820
99283 10784017
97212 3162805
90152 401812
76204 76204
98507 840722
99283 12274741
98907 14109621
98457 2913042
99018 10554791
99933 20892082
94838 3946150
99572 4338620
99933 26061849
86003 976718
99933 33415725
99933 35844061
99621 11513200
99933 12893011
98909 12010490
99933 13330452
99621 5660437
99621 3964624
95712 3053254
99933 16146752
99933 17553875
99933 25185005
94839 1195680
99018 3965987
99933 20721135
97917 4727324
95712 2984248
94633 878262
98569 1019893
98907 3138379
99933 12263539
99933 19060956
98457 9569980
96551 1067574
95435 1270533
99933 21743859
99933 16004215
94633 1674612
99933 13579997
98569 7539190
99933 19033821
97446 3085852
99933 14813153
99933 29256331
99621 15656598
96551 1377759
99933 19704954
95712 4748116
57185 119664
94633 752973
97917 6917259
99933 11796228
98909 3295840
98569 9952625
98909 11690500
99933 34188756
98569 4136224
99621 1301187
90339 550365
94633 396302
99621 16066743
99018 6857192
98907 6563888
90339 545814
94507 1555345
95984 5962819
99933 862735
99621 18522188
95712 1793669
99933 30166634
99572 5303131
99621 4204054
84471 84471
98569 7418049
98909 9152406
68420 168151
99621 12743858
98507 3735119
95712 3184165
99933 5519966
99933 20762760
99621 16145855
99621 15877479
98909 5035720
96465 1881373
84218 407898
91830 259254
98909 11849094
99933 23067839
98909 8250208
99933 19695823
99933 25679702
98909 2763633
99572 19111334
80163 80163
99621 5201504
99933 16482939
99933 11361431
99933 24301569
99933 26368712
99933 7859039
94838 1493944
99283 11767695
61143 90007
99933 31652732
99572 20066422
94633 2303889
99933 7698471
99933 29117952
98909 8545266
99621 15293717
98907 19319956
99621 14775306
91523 678426
96465 1722310
97212 4419860
98458 10200348
99933 11860047
98458 6758107
57374 222791
88125 352625
99621 7941711
90783 572201
99933 23259053
99933 8657642
99621 10699932
98909 7498413
72145 155433
99933 32714448
99283 5034220
99933 27412378
98909 10463336
89425 936469
90339 675615
98569 6374544
97446 4344802
98907 9097921
99572 4384663
99933 24379532
98909 10169148
98458 12220030
96168 1572889
98909 3740697
95712 3329660
94839 1382950
98909 9180278
99933 31409099
98909 8456027
99933 36233086
98909 14712289
99933 32625986
94633 2057285
99933 11295392
98458 3924670
99933 39299318
98909 11137597
99621 9356455
98907 7869492
99933 10818124
98909 12862420
32361 32361
99621 3693663
99621 12028642
99933 20403701
98909 1924696
99621 9314676
99933 26491874
99933 16262633
94633 975569
99621 1304956
99621 14144930
84943 628907
99933 9516205
98458 7508164
99933 42919334
81708 154208
99933 39855275
84943 455475
95712 4212662
95984 1866436
99933 11859198
99621 10052576
98907 16825651
97391 1766472
99933 41039138
98907 15566892
99933 20031496
99933 5483211
99621 14945300
95435 1904685
99933 33395868
97098 2390829
99933 23229184
99572 9198846
99621 12256386
97917 3537723
99933 15535830
98907 6346529
99933 23594762
99621 16578509
99933 12563286
73218 73218
99933 11489270
98458 6723110
99933 23252743
99933 27025384
98909 7336822
96169 2632855
99933 32347662
99933 12618904
94633 2543222
97446 726057
98908 12145219
99933 23469224
98569 3324870
98909 6632257
98909 6664990
93202 605726
98458 2960138
98909 9018407
98909 2812934
99572 1290285
90339 850183
99933 16576245
99621 1878573
99572 16548790
99933 21054640
99933 39822731
99572 2024518
99933 31969491
98569 8480648
98909 8263731
99933 9736690
99621 17221411
99933 21874545
99933 21925505
94437 334722
99621 6228198
99933 28593787
99933 34977323
94839 1759817
99933 23497675
98908 4391797
99621 4523014
99933 26969964
94633 756158
98569 2017471
99933 24356570
99018 976785
99933 32787594
99933 23544471
99933 20708760
91830 1175070
99933 3671811
98908 7558565
95435 2341956
98909 9102778
78105 236444
98569 4191607
99933 15044021
99933 9663884
94633 1765418
99621 3611370
99933 16322516
99933 25024943
99933 21785644
98909 7716802
98458 936542
81199 497377
98569 4292488
94078 2379595
98908 12466638
99018 5541469
99933 18693952
99933 37546882
99933 12179740
99933 28572768
99933 28891027
99621 3329302
99283 10168328
99933 18581460
98908 14471500
99621 14389656
99621 18648464
99621 7516532
99621 1818157
99621 15682463
98909 4432522
98909 6233351
99933 5506716
99933 38869601
99933 37832227
99933 37472542
99621 6435801
98909 7330446
99933 18721418
99933 24557982
94633 1471840
99933 41312873
99933 17680789
94633 2116120
94838 2251818
99933 21235654
99621 11327318
99621 9137335
99621 3023836
98909 4684550
99621 1072386
99933 40900594
98909 15627187
