99999 47661652
99999 9155732
97635 1818129
92468 1443463
98942 23089591
97448 3724170
99365 6633370
99234 3706671
99365 7400821
98942 20465477
99365 5881634
99999 5483613
97431 1673922
97605 4886003
98942 5015923
98270 8498651
98751 422784
99365 38243462
98942 31185820
98942 12260407
98844 27670884
92468 1092849
99234 2610572
98751 1867650
97431 7841303
96202 1416431
95110 3245690
98646 13692002
93965 6543635
98646 10926064
98844 4169060
99365 5187865
97328 5232265
99365 564986
99365 3426148
98942 29355558
99234 5660300
99365 1281571
98844 26135310
96913 783504
97635 9337940
98646 12719602
99365 3008594
99234 5104938
99365 1073905
99999 2234200
97199 4369583
99234 6788138
98646 9562602
99365 12365886
98942 8600656
95357 223339
98844 17976754
97606 3982150
99365 18090040
99365 1706353
93823 2497745
99234 29484056
98942 11688907
99234 5099516
89000 1450305
97431 1292379
99999 29449054
98942 30347324
98942 3077172
98844 22744636
81413 1180453
97431 3298026
97431 9137430
99365 16753926
98646 2165795
92468 3045713
99999 21132456
81413 880230
97431 2488613
97431 6052932
99999 16960084
98942 21917182
97199 2810856
99234 3906683
92468 352132
98844 18137341
99234 3680303
97328 6328353
93823 2371350
91728 780806
98942 32965342
99365 4443116
97606 2168858
97635 5520854
97328 1376364
96333 1290384
97635 10047884
99365 18091554
92468 4130275
98844 21696667
99365 26866826
98646 17704468
98270 2442177
95642 1802820
97635 4168254
98844 24741358
98844 24925078
98942 34089998
98942 28364471
99999 20751537
98942 29457058
92468 1726713
97448 2112588
97606 8513237
98942 8413187
98942 11005150
97328 5296452
98942 19846913
93965 2398264
97328 3593642
97431 3827816
98646 7932694
99999 11003437
98087 5114190
98942 39682551
99234 35097518
98646 16314088
98646 8407401
97431 6821031
99365 848381
99234 41446794
97448 4764982
96871 1685801
97635 6337030
98942 19038108
46973 46973
97635 6836355
98942 11496918
98942 27480577
98060 725418
98844 9036941
98942 18971958
98844 15853770
97431 3757740
99365 15526583
99234 11931766
97635 5757711
98751 142601
97635 3611696
99365 12392169
98844 4248850
98942 30351461
98942 13392876
98844 10442332
93162 371639
98646 20688488
99365 6969931
99234 2925331
97328 3275551
98844 2119293
98942 30574533
98942 26775373
99234 18815974
92468 5828190
89000 450207
98646 6964041
80737 626624
91728 2046029
99999 34062090
98942 14921926
98942 4442173
99365 4067713
98844 12962735
98060 513587
98942 19128627
98942 2391491
98942 14337236
98942 7498067
97635 5635835
98942 22497608
98942 21772712
98942 17494842
97635 5219831
98942 11961435
99999 41346561
98942 11839688
97431 3213975
97199 1924966
98942 12890352
99234 681592
50081 76862
98844 6939403
98942 17160621
98646 16571154
99365 5995871
98942 4431019
92468 3387401
98646 10178959
97606 892634
98942 9030201
98942 8185108
92468 1535890
99365 8535040
96202 4578296
99999 20170932
99999 7177569
99999 27202764
99999 45314674
85810 533867
99365 2246381
99365 2632468
97635 5715334
98942 15183261
98942 20915188
98942 11160515
99999 42436382
97635 7394468
98942 9360285
92276 2666823
93966 3332525
99234 20544155
98942 13211222
92468 6292410
78511 78511
97328 6111651
99365 8108380
99999 25911186
94795 225832
99999 14913321
96984 2449738
98844 10744226
98942 25528043
99365 6822901
97431 5329688
97448 3334642
98942 25403359
97431 6280699
98942 13100470
98942 39896125
98942 26744584
99365 3606671
69530 112394
99365 4323262
98844 2108952
98942 9440931
99365 37225635
98844 23760540
98646 3243366
99999 18536307
98942 28964224
96202 5115144
98844 21035543
75329 278477
81413 828297
98844 5617605
98942 24399009
99234 31015785
99234 21099408
98646 15528986
98942 26128648
93163 2473787
52906 114408
98942 16010013
99234 22142049
99365 10936687
98942 13924846
98942 30627376
99365 1352612
98942 21481491
98942 21045277
98942 4952502
93163 2182972
99365 26168580
98646 12096334
99234 4739068
99365 4028901
97448 2454976
98646 11138797
97448 3354603
98844 25276420
99365 10490259
98942 11670143
97328 6093111
99234 7824973
95357 1082192
89000 788366
99365 9297616
98942 17721505
99365 32373242
97635 5140255
97635 9158461
96333 1868924
98844 2746182
99365 6559353
98942 8732998
99365 12269695
97431 6925520
98844 22518484
98844 16662605
97431 5975978
97635 3675238
83991 1065554
97448 4444955
98942 13702668
99999 31283474
95357 1082193
98942 13232661
97431 8099853
89001 768205
97431 5135292
98942 21136800
97328 5694438
98844 10737084
99999 11341358
98844 2875594
91729 1454977
98942 25780919
98942 20801834
98942 13667637
98942 19350886
88585 924793
98942 18375778
98942 33372567
29025 52409
99234 22857251
99999 43817095
98942 20767681
97635 12321639
98942 9701628
98942 22893592
95357 787517
99999 23649343
99365 2110151
98646 2541712
98060 1256887
99365 14717591
98942 26540079
99365 32939166
98844 14297438
99365 10695610
96913 1342430
90758 344902
94910 1680074
98942 27947558
98844 11673096
98942 22949485
98942 21504338
98942 15105358
98844 14912374
97329 1332657
98942 20007310
99365 15472618
99999 4297858
98942 18737399
98942 9931842
98942 15103119
83713 361151
98942 11101611
93824 590661
98942 8934674
98942 8222314
99365 37192080
99234 4277535
98942 22460595
92468 2045491
97635 9230429
97431 4498877
98844 8314477
98942 18465598
99365 3843345
98844 24360976
98942 10046178
99365 11769782
98484 241014
98942 26894740
93163 1556421
97607 6234705
99234 5313377
97635 9907399
98942 10287068
98942 28400043
98942 6163383
99999 41724056
98844 6664715
97431 4094319
97448 2202112
95357 493919
97635 4549903
98844 6522885
99365 3584482
81029 329135
97431 7608918
97635 4683423
