99886 39101984
98504 5980927
99886 33824045
63948 232637
99886 26666558
98434 1538310
90405 269999
99886 16181823
99886 19780979
99886 28661816
98504 10989320
99886 1653948
96543 2120386
99886 5926554
98504 11894713
95944 2296668
98504 8288866
99886 22758702
99886 13652734
99886 28699321
95918 3428724
99886 7472797
99886 10919633
98259 1339768
98504 1163306
98435 4084349
99886 23782795
99886 6129353
99035 11074028
99886 19844616
95944 2359638
99886 19042983
99241 15316281
99886 13309600
95944 325966
99886 21111403
98405 4436000
99886 25910792
98504 16956794
98504 3772298
85462 512281
98504 5023518
92517 857506
99241 16325914
98504 13649737
95944 876163
99886 16494451
98504 15156498
99886 23990571
96543 299147
95642 1143285
99531 10870973
99886 21568343
99886 19524629
98504 9210765
86813 90568
98504 12875639
68140 133087
98504 5359708
98504 6389480
96897 760026
95642 264976
99245 21610889
99886 16774878
99886 16350882
95944 3988390
98504 5160784
98504 15118886
99035 7177139
98504 9826884
89206 1703870
99886 34169958
99886 24396018
98504 7166276
97960 4780827
99886 11333497
99886 12976351
95642 744138
99886 16357334
99886 23801711
99035 9999926
99531 14249888
99241 13557483
95918 275488
99886 7556898
92931 1934802
98435 4835259
99241 8048914
99241 12925800
95746 1905932
99886 16964804
95944 4161277
99886 11284742
95918 1722376
86056 1873690
98504 14862089
97293 1126935
99886 9723799
94468 775673
95944 3745359
98504 14587014
95918 2226294
99245 704947
99886 20911322
84728 84728
99886 5762850
95944 4824688
95918 638892
98504 4449680
99886 9668812
99886 22506428
95642 2146540
98504 3345885
99886 2870493
99241 17879273
98259 2494150
86386 1201187
98504 8160668
99886 23961110
88272 187107
99241 21908772
88287 2655202
99886 11187073
96085 7182478
99886 15646536
99886 3892057
95944 7330909
99886 9610043
95944 3164409
99886 31084160
98071 5140435
98504 5648489
97858 4150198
99035 5283873
99886 13511981
36859 36859
99886 18633984
97960 2601482
99245 4667211
98504 14495316
99886 22683065
99241 21003561
99886 21035643
99886 14148143
99886 15125747
98504 6508983
99886 14757997
95944 7902844
99245 205893
99886 28813916
98504 3382930
98504 3196206
95944 2507231
99886 29264729
99886 33838530
99241 5471457
99886 26700961
98504 13825684
99886 20266663
91056 1238189
99886 17205479
98504 10853514
95918 840736
98504 10227044
98504 6877971
97858 3684175
99241 8572473
98504 5368337
99035 2860492
99531 7639950
95944 3864692
97960 5284407
99886 22693021
95944 3387594
75214 185020
96982 1707513
99886 20937610
99886 15932486
99886 23170933
98504 8477866
95944 4202886
98504 6995828
99035 6744718
95373 960903
99531 6185615
98504 11277550
99886 27117566
99886 27149714
99886 19799377
99035 19532143
97960 8410498
98504 7022755
95944 1251855
98435 5283031
99886 5203317
99245 881605
98435 6349902
99886 23626534
99886 17312301
95918 1251515
99886 33387151
99886 10904238
98504 10888832
98504 4352908
95944 961089
98071 1205781
99886 17376616
98071 462143
98504 9813222
98435 5157493
98504 7506996
98504 8499539
95944 4644836
96221 1046489
95944 5997220
94045 635606
99886 20525236
99886 8925248
99886 32897281
99035 2922027
99886 10548631
98504 3954872
99886 13381952
99241 8123447
95944 4835542
95373 250630
99886 19688334
98071 7780267
95944 2015506
95288 788435
99886 3441438
98838 2335038
98504 3397642
99241 11239637
99886 14722263
99531 10359201
99886 21408056
99035 17331505
98504 10311548
98504 5829116
95944 2742592
97553 340014
99035 13309907
97858 3151243
98504 11323790
12886 12886
98504 6251607
99886 16824467
99886 29924016
99886 22788074
98504 12023053
99886 28360383
95944 3789224
99531 4355836
95918 347408
99241 7588126
99886 13345563
99531 5329481
99886 11942620
99886 19069035
99035 8180764
99241 5232221
95288 882558
99035 11522266
99886 20523214
85264 544802
95918 985995
98435 2087114
80039 125900
99531 3678349
95373 748893
98504 5227901
95944 3536246
79980 205044
95642 737379
99886 11667112
99886 33115695
99886 32067768
99886 27072657
95918 1162872
99886 5024826
99245 4831228
95944 7020067
79643 110472
99241 9650010
95373 95373
95944 3650435
97858 3546514
98435 4157136
98071 98071
99886 12946150
99886 10910323
98504 8113629
99886 22026100
99241 18511004
99886 2616587
98504 8595201
97960 7722943
99886 9685187
99245 2861239
99886 26028436
88272 502607
97960 3705582
99886 2608873
99241 18316732
99886 22711551
98504 11519801
98504 8047119
99241 14380793
98504 1450309
98504 3035537
95944 4842226
99241 17345635
99886 19445954
95918 2192779
99886 21241455
95642 2246983
98504 8485895
99886 21666511
99886 22439477
95944 3228235
99886 9413614
95944 5366549
98259 944894
67742 134947
95288 3884027
99886 29658033
99886 21013949
95188 454548
99886 38887637
99886 12902682
95188 214933
95280 715794
99241 9545449
99886 12738803
96196 2141854
99035 4804494
99886 10966859
98504 8471682
98071 5515155
99241 20322681
98504 6791877
99241 10754623
15943 33890
99245 987605
98504 5390906
99241 20295595
99886 17712741
88288 1153982
98504 9742718
99886 19857693
97858 4694810
99886 9745208
99886 21572707
99887 26430457
99887 25360626
99887 27274411
95642 229768
99887 26718155
98071 6225943
98435 3751821
98504 9197172
99887 23666788
99887 21611401
95918 1184331
99245 17350746
98504 5626440
99887 26842799
99887 20182319
99887 7805088
95747 2839197
99887 14094045
98504 3261915
99035 10169589
99887 14582188
99887 26840281
95944 4990588
99532 11591705
99887 16924498
99887 14334318
99887 16790088
99887 23856418
98184 1565391
95918 393225
98504 9394145
95944 3247319
95918 1497917
95944 5140202
98504 11642110
99241 19828387
99887 28244872
90399 195935
99887 5051633
