99997 46019492
99997 22722089
99720 525163
99997 35721660
99720 26828747
99997 36374343
99997 38825467
68271 345779
95514 326498
99997 4476438
99721 1020369
99997 18287612
99997 18401502
99996 2674455
97106 3134180
99997 8355543
99170 3006285
97106 2294424
99996 13711617
99997 35172509
99997 29127333
95658 998930
99997 12902630
99997 16728073
99342 5455289
99170 2487572
99342 16661886
99997 20946161
99997 7768611
99721 2732584
99342 10802636
99997 19943702
99997 11393962
99997 21086292
99342 13008547
90960 404544
99996 3146824
99996 7444918
99706 13680667
99997 1774203
96218 1295239
99706 19647317
99997 994404
99997 36378188
99997 40146845
98922 6669185
96218 1498105
99342 7207100
99996 11483863
99706 17808092
98922 2643075
99706 22279538
99997 10289716
98842 2043712
99721 16181533
98281 6471621
99706 8597693
99997 22675626
99996 8127112
99996 10675567
99997 14114918
99706 6393215
96218 527565
99706 12012583
99997 23446649
99342 6347319
99997 10632302
97106 4608250
99997 15747222
99996 3244182
99997 20702278
95394 1124605
99997 27682714
96642 1743209
99997 16157572
99997 41360751
99721 5759724
38120 38120
99997 12861704
98034 903339
99584 5302253
99997 25035808
99584 8239147
99170 2858135
99997 33717009
99997 15436647
99997 34348874
99996 9447375
99996 10052700
99342 5349625
99997 19770381
99996 345636
99721 26014194
99997 6417039
89343 212591
99997 19812555
99996 4362326
99997 27541523
99997 25437798
99997 20143478
98700 3803341
99721 21907551
96218 489445
99997 10322110
99996 10490546
99996 9010616
99997 23882807
99997 3391155
99997 17657675
96642 1796240
97552 1568126
99584 19307281
99997 10180404
99997 25391431
98842 4829856
99721 2784297
99721 10934474
79392 163714
97106 697334
99342 3302537
96642 1733367
99706 14361626
99997 19541071
99997 44732489
99721 25224524
99996 2380245
99997 30400073
99996 8091653
99997 33404545
99997 31404196
56532 199735
89343 482212
99170 2430105
98528 2849528
99997 20238963
99997 39724821
99997 39481612
99342 3310986
99721 28809995
99996 7048984
97107 2746378
99706 5001462
99997 10172083
77115 408953
99997 12373302
99721 27232999
97107 2492784
99706 10458185
97107 849479
99997 29068100
97107 2165155
99997 7351930
99170 4828524
99997 6525145
86141 634211
97107 1475924
98922 2472051
99721 6049780
99996 6791931
79035 379427
99706 11134969
99997 8847482
97552 4782850
99584 2691096
98700 3269754
99997 1802824
99996 12281363
99997 29960069
99997 45315046
99721 12567555
36876 59652
99997 35227274
99997 4905294
99996 8486867
99170 5556766
99997 23128212
98110 3234910
93095 1376260
98922 3842704
99721 2676675
99997 7684786
99997 15094827
99997 32786140
99996 9150269
99996 5209054
99170 2445135
99997 23925574
99721 15825512
97116 1377819
99996 5009618
99997 22549952
99996 7403417
99997 11799819
99997 17960506
99996 3277165
99997 24706401
99997 30217392
99706 23296164
99584 17158352
97107 2634427
99996 12705265
99584 14125282
99997 18144003
96960 281419
99996 4746347
99997 6675851
96960 1075361
85975 108824
99706 11862786
99706 8041409
99706 20152211
99584 4359741
98843 8446027
99997 9862154
99721 3766336
99997 38013603
98700 3297018
99997 16827141
99997 22969168
97987 1505640
97107 2673647
99997 23570221
99343 11483018
99997 32006763
99997 33260448
93581 482061
99997 28078897
68271 330321
98700 4097993
99997 22973068
99996 8951399
99997 43262892
99997 13531061
99721 19180273
99997 11016588
99997 21027177
93868 850705
86141 301166
99997 7996249
96218 332231
99170 6282677
98922 2525391
99706 16094806
99996 9115202
99343 4836297
98922 4076890
99706 12357086
98281 5930003
96642 263413
99996 3505378
99996 5967113
99343 6875293
99706 11867955
99997 24344916
98922 3137263
99721 14080002
99997 37391013
99997 38271097
99996 9445006
98700 1128432
99343 6373116
99996 11996321
99706 6813782
97107 1832925
99706 9750542
88978 328966
93581 1120471
99170 5436713
99997 26891329
98110 3097328
99996 9270477
99997 36450047
99343 10352687
99997 23206490
99997 18809340
99997 16723830
99996 11641793
99997 20927506
99997 8495611
99997 11718476
98843 3143921
98608 2949124
84021 480927
97107 920713
91268 534269
99584 5813232
99584 6829639
99997 39758832
99997 28804779
98922 2245556
98528 2649260
95538 1169853
99997 5678158
99996 9427085
99997 39671648
99996 5637071
99721 20857141
98700 2325574
88156 312271
99706 8964327
99997 17044068
99997 16018816
99996 11213664
99997 13249509
98528 2497136
99721 20721534
99997 21786699
85363 641728
99997 24176997
99997 5800406
99584 884964
99706 17860439
99343 9303579
99997 2771104
99997 34522888
99721 8215506
99997 10009403
99997 29208557
96960 2855848
99997 14225904
99997 23656235
99997 7735747
99706 23396991
99721 11439160
99584 13766753
99997 18529177
99997 12798787
77325 273742
88184 461306
99721 9580163
79035 126595
99997 29032438
99997 6583589
96513 3047297
99997 38871363
99584 2249283
97107 2297522
99997 7100640
99997 7249662
99997 5885996
99170 4351061
98701 3201626
99997 3710480
99997 18187098
99343 9108592
96960 2546359
98923 1476565
99997 2955823
99997 3406527
99170 4104905
99997 2084952
97107 3467965
99997 12950691
99997 23726075
99584 14155726
93910 500590
86084 843200
99997 31824816
99997 26365230
99997 12664214
99997 14375817
99170 3499269
99997 10972162
99997 32682962
99997 18949295
99997 17373575
96218 648154
97107 1705028
99997 16630426
99997 4026823
99997 3611404
81875 221083
99997 7656235
99721 4903178
99997 15977976
99343 8716078
99997 19348874
99997 31308586
99997 20036163
99997 27918661
99997 7955879
95295 561692
97107 1671985
99997 12739994
99721 25391219
99997 7870729
99343 12056593
99997 13590791
99706 9547692
99997 8159687
99997 19015990
99997 19626069
96407 1227361
99997 9963034
99997 2945480
99343 9240309
97107 1344652
99343 4863201
99997 26837911
99997 20369291
99706 12392161
99997 16805239
99997 27846825
99721 10097273
94771 1190293
99706 19676988
99997 6904765
99997 20055856
99997 7230357
99706 8004967
99997 2557711
96960 1332844
99343 7275284
98923 4746906
99997 9330726
99343 10665729
99706 8295447
97107 1573419
97107 1445941
99997 28768664
99997 33429890
99997 19131364
98636 2941636
98111 1874331
94542 1372701
99997 41737444
99997 10173708
99343 4545387
99997 12186740
99997 23352164
99997 29992712
99997 14481470
99997 3130460
99170 2541410
99997 33264973
99997 17926717
99706 16560613
99706 11108178
99997 13180482
99584 3573600
99721 17427909
99706 19952401
99997 1710860
99721 26872679
99721 6124798
99170 2987236
99343 2132162
97553 1720965
97014 1636296
97107 2013460
99997 5870427
99706 10953955
99706 18985644
