99799 44676630
99454 7617758
89512 1593730
84931 1136497
99799 13412442
99799 19280844
93533 1858313
99799 26125202
99799 27958409
99799 13875279
99454 597765
99799 24486550
98613 833048
99454 4335372
98234 7451092
99799 22205269
94719 533034
99361 2654537
98613 830301
99799 29172624
99799 15524570
99799 17279186
98747 1360162
97123 2692898
99799 584830
99799 23935888
92608 2173587
99799 26826589
99782 24924287
99799 6850608
99782 6254919
99799 17490038
95878 424155
99799 22256111
99454 6536575
99799 27756423
99567 9564010
99454 8416016
98747 1624815
99373 5908306
99799 16639626
99799 27420049
99799 31968486
99799 21533006
99799 32601572
99782 15913003
99799 33654427
99799 28005476
99799 24104282
99799 12264305
99799 26291921
99799 18183006
99799 17309298
99799 18089740
99799 15504262
99454 6457126
99567 11941337
98747 2660783
99782 17022587
92014 332644
99799 13445266
99799 19296914
99782 11012338
89512 2128459
93535 335152
99555 11467610
99454 1801201
98234 8687413
99799 8213741
92464 717665
99799 17783526
98747 1384233
99799 9797254
99782 2177100
99799 36369105
99555 5279324
99555 8913000
99095 6933429
99799 21698970
99095 6565098
99799 25294064
99799 10254662
99454 2926922
99799 32555070
98613 1415039
99567 1582470
53928 53928
99799 19519566
99782 10643288
75887 316520
99799 21215481
98613 2145984
99799 35730202
99799 22043860
99799 15004474
99799 21044683
99454 567931
99782 27112063
99567 13942041
99799 4073011
98270 1124504
99799 10340444
89512 1908581
99799 12425320
99555 9366231
99095 2628473
89083 147388
89512 2031496
99782 6772419
91594 763046
99799 32082680
99799 35904149
98747 4907189
99555 9109101
97123 1523700
99799 21298106
99799 30815754
98747 446189
99555 12569735
97526 4534369
99782 9707744
97984 2475089
99799 4780853
99782 19156415
99454 8638540
98270 1788371
99095 984707
99799 18982536
99799 19870078
96957 377640
99799 6726931
99799 39926415
99799 10103716
99555 12455348
98613 1167649
99799 37157723
99799 12374016
99799 13420025
49144 193655
99555 11274656
99782 19689877
99782 15669363
95648 1167228
99799 12316562
69154 448130
78622 454612
99799 11309722
97123 2894655
99799 23798993
99454 9475783
96994 3198879
99567 2181047
97123 2414030
99799 11085417
98234 11294995
98613 217862
99799 19900210
99555 2324386
99782 6026665
99799 22413466
99799 7964767
99799 36825617
93453 2773442
99454 1225849
99799 8478360
99567 3434832
99782 11928955
99454 3837565
99799 10376958
98613 830563
99799 24602298
99799 26343773
99454 1270833
96994 3559483
99555 9007995
99799 17729637
99782 2586759
99799 25570903
99799 40382080
99799 8418495
99799 22288971
99799 19936071
99799 24452785
99656 10037405
61537 61537
99555 10853148
99454 5209233
99555 6976272
98613 1513171
95806 220130
97526 3780870
99782 16212353
99799 31342488
99454 1094292
99799 13523436
99799 8575475
99782 14914953
78623 276579
99799 15140207
99799 9874884
99555 7577454
99799 10822945
99095 5717818
99799 25401397
99799 14534198
99555 6698156
99454 7779159
99799 25277710
99799 12208740
93535 556920
99454 8893359
99799 12619943
98234 1450113
99799 15835350
99454 1337386
99799 34139964
93535 823242
98234 3181225
99373 5632440
78623 347522
99555 2643180
84147 184325
99454 3738385
98234 7038346
99782 19229203
99799 21627726
99555 7438474
99454 3515627
99555 6559301
40678 40678
99454 11529530
99373 798840
99799 24158221
98747 7700872
99555 7916545
42641 87056
98234 1081004
92688 626314
99799 25130688
99799 22873854
99782 9760290
99782 14999645
99095 4849671
74874 74874
99799 35881686
95878 3233945
99799 4948718
91861 205150
93809 770302
99799 35539898
99454 5169513
99555 1699777
99782 19730343
99095 3855012
98270 2222370
93871 198393
99799 34494976
90381 1722924
99799 18025851
99782 12217185
99799 11418077
99799 9446028
99782 15851368
99799 26762636
99799 14302641
99567 3817374
98747 6209841
99799 24540826
99799 9336631
99799 16334706
91861 237697
98270 1788689
92608 1679532
99799 9193768
97105 371459
98747 7290182
97526 1428079
99782 12211839
98234 9960592
99799 13389506
99782 16998584
99799 40256466
98613 2108336
99799 16712748
99454 5828068
96994 5481623
96105 1361403
98234 3009148
99799 5322336
99799 11903917
99799 30678370
99799 32039876
95694 769159
99567 12876658
99799 18341338
98234 2799351
99782 19465592
99782 22702034
99782 14233512
99799 17194074
99567 13955655
99454 3112508
99799 15438816
99454 3668668
99454 8060418
99799 14653229
99567 7556639
99555 3219299
99454 2742299
97526 3998040
99799 18599417
99799 34068730
99799 24667367
99454 539763
99799 40738520
99567 6790870
98747 4840707
99095 5730273
99799 15444710
99782 21786459
99782 14777050
99799 31874288
92608 2510100
98270 3813698
99454 10191220
99555 6473307
99567 8571263
99799 37562250
99799 28295476
99454 1041085
99454 2530692
92666 1209181
99555 3058029
98747 2203122
99555 7729986
99799 23081627
99782 13833227
99799 10738358
98234 6734634
99782 7779453
