99604 36273108
98857 15583925
99205 10945268
99205 16318230
99215 1816142
72682 443168
99604 1973102
96521 1007102
89310 683666
99348 14151218
99348 28479814
97908 2048633
97790 5767340
85622 291255
91483 1207449
48079 91916
99205 19683684
99205 14240725
39035 86431
99348 12062997
89429 1380791
96915 5220719
99604 1578424
99205 14326363
97649 3542254
99348 3332537
99604 2010492
99348 10036564
97787 5622758
97787 1472502
99470 709990
96066 677026
99348 22332821
85622 506633
99205 12175782
97790 4356988
99205 14069427
99205 23619019
98857 9320072
97790 1614052
99205 20106603
97908 2722027
99348 22310253
91719 175044
94294 2530499
98857 7560636
98680 1682330
99349 5491404
98857 2951081
99205 5473709
99604 12383346
99205 12689100
97790 4605718
99604 20291909
99604 22856005
87228 279018
96066 1226553
98857 5977693
97787 7177567
97787 6548181
99604 24868126
99205 17067909
99349 24942672
97787 12789814
98680 2437701
99604 20853588
99205 8147926
97787 5504666
99349 9138034
99349 6776960
99205 20601916
99513 3377075
91244 1829458
98857 1994459
98857 16604292
99350 4177745
99205 10351171
99205 7225211
99205 8886848
99350 27277875
99205 10770002
99604 9818174
99350 3980570
96788 3148689
97787 9310734
99604 931683
99205 14712779
76428 156290
99205 12745695
99350 18117087
99513 18485909
99205 6748810
99205 19807033
98857 8621883
97787 5306457
99205 5143630
99604 4230314
77599 77599
87166 544290
99205 8583875
99350 8169083
91244 2045487
96066 1506135
99151 11703415
99604 9124970
99205 6341376
99205 15997555
99604 3708753
99350 17164499
99350 10553549
97908 1380009
98857 4835205
97732 2316670
96915 5113010
99205 21631933
97791 5745079
96883 1725365
97787 8909731
99604 916151
99350 11903961
99205 7990013
99350 8232067
99205 21602833
33242 74530
99350 11931149
99350 9908423
99350 6032601
99350 10318747
39602 39602
99350 14739957
97787 6396824
97787 3667796
97908 6297025
97787 16104382
97649 3764674
99205 10159913
99350 30564820
98680 1850961
99604 33136932
97908 7647660
99205 19006884
99205 20243611
99350 23716707
96915 8594255
99350 24050335
99350 27452126
99350 26312819
99604 968229
99604 26595328
99350 6433215
99350 27976069
99604 7752084
94165 1746720
97908 5223551
99350 6159159
99604 13109074
99604 21511265
99205 19140081
99151 5158348
99205 18557171
99205 8393211
99151 10553839
99350 11810589
99470 382292
96788 3058633
99205 3293072
94176 554538
98857 1170602
73536 151832
99350 5357060
99350 3395139
97791 4877526
97908 5576954
99350 6006736
97791 1028231
97649 3735152
99604 205611
96915 1475753
91767 239130
99205 14032304
97787 15483118
99205 18417275
99205 18047867
29332 29332
99205 15091325
96788 3676891
98680 1401958
99350 14963556
99350 21333359
99205 17731656
99350 19409822
99350 2545619
99205 12019201
96521 1627107
99604 26650326
98857 14616079
99604 513382
99605 1544539
99205 24924284
91245 2719454
99205 18297685
99350 25539202
99205 25548693
99605 1484926
99151 6851473
99350 4680565
99215 3001841
94295 2538494
96066 1712323
99151 19497154
99350 13701799
99350 1008189
97787 12868315
99605 5423266
91767 143177
99205 24217173
96788 1379891
98857 16334577
99205 6503841
99205 8696974
98857 18229950
99205 12814193
99350 15434391
99205 19382161
99605 30447852
99350 15922835
97787 9065776
97787 4842632
99151 13208680
99205 12201852
57531 208714
99605 3501449
99350 5942368
99605 10919820
96788 2640028
92969 514449
99350 4494850
99215 1148736
99350 4467242
99470 517017
99605 1879476
96788 3538600
96521 2478816
97908 880612
98857 10651754
99205 15413514
94176 876720
97908 8244941
98680 2243656
99205 9476510
99605 931806
98680 1842961
99350 22714281
99350 16778079
96884 4162388
99350 3815857
99215 1359238
99205 21580983
99350 8567795
97909 1751673
99205 14270897
98857 9936468
99205 17141329
99350 15909874
99605 2100037
99350 4727342
99350 23802214
99205 20832987
99605 4977014
99350 15719968
87166 457545
99350 5896198
99350 4162327
62873 142735
99605 1125468
99605 2431662
99350 17233283
99205 18999848
31372 31372
99350 3151608
99350 1158029
99605 3585337
99350 5448827
99205 16721699
96625 509851
99350 10227737
99205 25685477
99205 4431819
99605 7179120
99605 19695105
99605 1757454
94914 681307
99205 9437209
99350 11568823
96066 1329993
99205 8071749
99350 2317833
97787 8920328
99605 23331833
99350 11463700
97909 1380021
99605 23636826
99605 8138554
97787 12262045
91396 420638
97787 4781506
96066 828870
98857 11499629
99205 26430929
92969 550683
97909 5267175
86559 161910
99205 16454782
74149 342160
99350 1801255
99350 13289695
97787 5170421
98857 13863450
97787 7452383
96066 1650357
91246 1023358
99205 5559022
99513 21340767
99205 12811018
97787 1410064
99205 9496261
90870 285143
97787 11211526
99350 21606798
99205 14154412
99513 13411487
97787 6501197
97787 6228717
97787 13035389
99350 18551960
98857 14779576
97787 8328409
99205 13115935
99605 2575068
98857 8351283
99205 8640801
99205 7448417
87166 399223
99205 24312006
99605 3496068
99350 11450368
96740 2477258
98857 7046970
99350 23872580
72684 359813
99350 11835120
99205 1157913
99350 12590831
97909 4065619
97787 7533744
94296 2034973
99205 15934056
99605 7346799
99205 21992560
99205 7167559
97787 6808529
99350 3314993
99350 12532634
98857 9623604
99205 10500957
97787 1889408
99350 7387234
99350 13939320
99205 4545941
99205 6548229
97787 15037037
99605 5257615
99350 4755932
99205 19272584
99350 18914405
53550 110287
99205 21572916
95517 1601200
99205 18673805
99350 12037239
99205 15592699
97792 6692356
99350 3917014
99215 1116947
99215 4156356
99605 10791543
99350 20330877
99350 26515647
98857 7650338
99205 24118678
99513 19159100
91483 1965045
99350 7374037
98857 12520100
99152 10365300
97787 9508079
96788 2046489
99605 1794727
99205 19387394
96522 3301363
99205 19792209
99215 4313352
97787 12423437
98680 1651710
99350 15971365
96066 2317440
99605 1053265
99350 18415951
99350 25572728
99350 3856980
99215 3720098
94296 3866481
99350 6208807
99205 27736589
98857 8656743
67660 203122
99205 12639897
99350 8924723
99350 17835793
95415 277982
97120 3449761
65285 132935
97787 13192983
99350 26506716
99350 9319879
99350 22484546
99350 7842256
99152 2701531
72684 257597
99605 10026878
97787 8582807
99205 3046893
99152 14430692
99350 29111639
94296 2406323
99215 3150903
99350 7678647
99350 24080433
99205 9742792
99605 5142487
99350 19946209
99205 9258849
99350 21109789
99205 2366861
99215 1232844
99350 830091
96066 1295987
99605 9945361
99605 25170093
99350 10477838
99205 6335096
99205 8458311
99350 18027434
99605 835004
99350 19370716
99605 432779
97787 1361871
97792 5174849
96915 369624
96915 3934204
97787 7583358
98857 6908611
99350 31397054
72684 434283
99205 24768510
99205 17064761
97649 5714279
99205 17604040
99605 2522712
99205 8762365
97649 2003035
97787 3218869
99205 12639961
87434 398828
97909 4050316
93131 616697
94296 1854667
99215 3111941
99350 30694147
99605 17069800
97787 4143466
99350 33244097
99605 6624202
99350 4498632
99350 12869979
99605 8614845
